<?xml version="1.0" encoding="UTF-8"?>
<!-- Generated by org.testng.reporters.JUnitReportReporter -->
<testsuite name="com.buffalocart.scripts.ClientTestCase" tests="4" time="12.228" ignored="6" failures="0" timestamp="27 Jan 2022 17:16:58 GMT" skipped="0" hostname="DESKTOP-69RSGN8" errors="1">
  <testcase name="goToContactsTestCase" time="4.412" classname="com.buffalocart.scripts.ClientTestCase"/>
  <testcase name="goToClientTestCase" time="6.432" classname="com.buffalocart.scripts.ClientTestCase"/>
  <testcase name="addClientAndContacts" time="0.094" classname="com.buffalocart.scripts.ClientTestCase">
    <error type="java.lang.NullPointerException">
      <![CDATA[java.lang.NullPointerException
	at com.buffalocart.utility.DataRead.getLastColumn(DataRead.java:51)
	at com.buffalocart.utility.ExcelUtility.readExcel(ExcelUtility.java:28)
	at com.buffalocart.scripts.ClientTestCase.addClientAndContacts(ClientTestCase.java:37)
	at sun.reflect.NativeMethodAccessorImpl.invoke0(Native Method)
	at sun.reflect.NativeMethodAccessorImpl.invoke(Unknown Source)
	at sun.reflect.DelegatingMethodAccessorImpl.invoke(Unknown Source)
	at java.lang.reflect.Method.invoke(Unknown Source)
	at org.testng.internal.MethodInvocationHelper.invokeMethod(MethodInvocationHelper.java:104)
	at org.testng.internal.Invoker.invokeMethod(Invoker.java:645)
	at org.testng.internal.Invoker.invokeTestMethod(Invoker.java:851)
	at org.testng.internal.Invoker.invokeTestMethods(Invoker.java:1177)
	at org.testng.internal.TestMethodWorker.invokeTestMethods(TestMethodWorker.java:129)
	at org.testng.internal.TestMethodWorker.run(TestMethodWorker.java:112)
	at org.testng.TestRunner.privateRun(TestRunner.java:756)
	at org.testng.TestRunner.run(TestRunner.java:610)
	at org.testng.SuiteRunner.runTest(SuiteRunner.java:387)
	at org.testng.SuiteRunner.runSequentially(SuiteRunner.java:382)
	at org.testng.SuiteRunner.privateRun(SuiteRunner.java:340)
	at org.testng.SuiteRunner.run(SuiteRunner.java:289)
	at org.testng.SuiteRunnerWorker.runSuite(SuiteRunnerWorker.java:52)
	at org.testng.SuiteRunnerWorker.run(SuiteRunnerWorker.java:86)
	at org.testng.TestNG.runSuitesSequentially(TestNG.java:1293)
	at org.testng.TestNG.runSuitesLocally(TestNG.java:1218)
	at org.testng.TestNG.runSuites(TestNG.java:1133)
	at org.testng.TestNG.run(TestNG.java:1104)
	at org.testng.remote.AbstractRemoteTestNG.run(AbstractRemoteTestNG.java:132)
	at org.testng.remote.RemoteTestNG.initAndRun(RemoteTestNG.java:236)
	at org.testng.remote.RemoteTestNG.main(RemoteTestNG.java:81)
]]>
    </error>
  </testcase> <!-- addClientAndContacts -->
  <testcase name="downloadExcelContractsTestCase" time="1.290" classname="com.buffalocart.scripts.ClientTestCase"/>
  <testcase name="setUpBrowser" classname="com.buffalocart.scripts.TestBase">
    <skipped/>
  </testcase> <!-- setUpBrowser -->
  <testcase name="setUpBrowser" classname="com.buffalocart.scripts.TestBase">
    <skipped/>
  </testcase> <!-- setUpBrowser -->
  <testcase name="setUpBrowser" classname="com.buffalocart.scripts.TestBase">
    <skipped/>
  </testcase> <!-- setUpBrowser -->
  <testcase name="setUpBrowser" classname="com.buffalocart.scripts.TestBase">
    <skipped/>
  </testcase> <!-- setUpBrowser -->
  <testcase name="setUpBrowser" classname="com.buffalocart.scripts.TestBase">
    <skipped/>
  </testcase> <!-- setUpBrowser -->
  <testcase name="setUpBrowser" classname="com.buffalocart.scripts.TestBase">
    <skipped/>
  </testcase> <!-- setUpBrowser -->
</testsuite> <!-- com.buffalocart.scripts.ClientTestCase -->
