<?xml version="1.0" encoding="UTF-8"?>
<!-- Generated by org.testng.reporters.JUnitReportReporter -->
<testsuite name="com.buffalocart.scripts.ForgotPasswordTestCase" tests="1" time="1.957" ignored="6" failures="0" timestamp="27 Jan 2022 14:48:55 GMT" skipped="0" hostname="DESKTOP-69RSGN8" errors="0">
  <testcase name="forgotPasswordTestCase" time="1.957" classname="com.buffalocart.scripts.ForgotPasswordTestCase"/>
  <testcase name="setUpBrowser" classname="com.buffalocart.scripts.TestBase">
    <skipped/>
  </testcase> <!-- setUpBrowser -->
  <testcase name="setUpBrowser" classname="com.buffalocart.scripts.TestBase">
    <skipped/>
  </testcase> <!-- setUpBrowser -->
  <testcase name="setUpBrowser" classname="com.buffalocart.scripts.TestBase">
    <skipped/>
  </testcase> <!-- setUpBrowser -->
  <testcase name="setUpBrowser" classname="com.buffalocart.scripts.TestBase">
    <skipped/>
  </testcase> <!-- setUpBrowser -->
  <testcase name="setUpBrowser" classname="com.buffalocart.scripts.TestBase">
    <skipped/>
  </testcase> <!-- setUpBrowser -->
  <testcase name="setUpBrowser" classname="com.buffalocart.scripts.TestBase">
    <skipped/>
  </testcase> <!-- setUpBrowser -->
</testsuite> <!-- com.buffalocart.scripts.ForgotPasswordTestCase -->
